--------------------------------------------------------------------------------
Release 14.7 Trace  (lin64)
Copyright (c) 1995-2013 Xilinx, Inc.  All rights reserved.

/mnt/ISE/14.7/ISE_DS/ISE/bin/lin64/unwrapped/trce -intstyle ise -v 3 -s 4 -n 3
-fastpaths -xml toplevel.twx toplevel.ncd -o toplevel.twr toplevel.pcf

Design file:              toplevel.ncd
Physical constraint file: toplevel.pcf
Device,package,speed:     xc3s200,ft256,-4 (PRODUCTION 1.39 2013-10-13)
Report level:             verbose report

Environment Variable      Effect 
--------------------      ------ 
NONE                      No environment variables were set
--------------------------------------------------------------------------------

INFO:Timing:2698 - No timing constraints found, doing default enumeration.
INFO:Timing:3412 - To improve timing, see the Timing Closure User Guide (UG612).
INFO:Timing:2752 - To get complete path coverage, use the unconstrained paths 
   option. All paths that are not constrained will be reported in the 
   unconstrained paths section(s) of the report.
INFO:Timing:3339 - The clock-to-out numbers in this timing report are based on 
   a 50 Ohm transmission line loading model.  For the details of this model, 
   and for more information on accounting for different loading conditions, 
   please see the device datasheet.
INFO:Timing:3390 - This architecture does not support a default System Jitter 
   value, please add SYSTEM_JITTER constraint to the UCF to modify the Clock 
   Uncertainty calculation.
INFO:Timing:3389 - This architecture does not support 'Discrete Jitter' and 
   'Phase Error' calculations, these terms will be zero in the Clock 
   Uncertainty calculation.  Please make appropriate modification to 
   SYSTEM_JITTER to account for the unsupported Discrete Jitter and Phase 
   Error.



Data Sheet report:
-----------------
All values displayed in nanoseconds (ns)

Pad to Pad
---------------+---------------+---------+
Source Pad     |Destination Pad|  Delay  |
---------------+---------------+---------+
SWITCHES<0>    |LEDS<0>        |    9.253|
SWITCHES<0>    |LEDS<1>        |   10.273|
SWITCHES<0>    |LEDS<2>        |    9.583|
SWITCHES<0>    |LEDS<3>        |    9.935|
SWITCHES<1>    |LEDS<0>        |    8.763|
SWITCHES<1>    |LEDS<1>        |    9.783|
SWITCHES<1>    |LEDS<2>        |    9.093|
SWITCHES<1>    |LEDS<3>        |    9.445|
SWITCHES<2>    |LEDS<0>        |    8.276|
SWITCHES<2>    |LEDS<1>        |    9.296|
SWITCHES<2>    |LEDS<2>        |    8.606|
SWITCHES<2>    |LEDS<3>        |    8.958|
SWITCHES<3>    |LEDS<0>        |    8.427|
SWITCHES<3>    |LEDS<1>        |    9.447|
SWITCHES<3>    |LEDS<2>        |    8.757|
SWITCHES<3>    |LEDS<3>        |    9.109|
SWITCHES<4>    |LEDS<7>        |    9.550|
SWITCHES<5>    |LEDS<7>        |    9.381|
SWITCHES<6>    |LEDS<7>        |    8.968|
SWITCHES<7>    |LEDS<7>        |    9.170|
---------------+---------------+---------+


Analysis completed Thu Jul 29 16:48:24 2021 
--------------------------------------------------------------------------------

Trace Settings:
-------------------------
Trace Settings 

Peak Memory Usage: 315 MB



