ISim log file
Running: /home/db1086/Desktop/eidmde_git/vhdlstuff/die_stoppuhr__loesung/ise/display_controller_tb_isim_beh.exe -intstyle ise -gui -tclbatch isim.cmd -wdb /home/db1086/Desktop/eidmde_git/vhdlstuff/die_stoppuhr__loesung/ise/display_controller_tb_isim_beh.wdb 
ISim P.20131013 (signature 0xfbc00daa)
This is a Full version of ISim.
Time resolution is 1 ps
# onerror resume
# wave add /
# run 1000 ns
Simulator is doing circuit initialization process.
at 0 ps, Instance /display_controller_tb/uut/seven_seg_encoder_1/ : Warning: NUMERIC_STD."=": metavalue detected, returning FALSE
at 0 ps, Instance /display_controller_tb/uut/seven_seg_encoder_1/ : Warning: NUMERIC_STD."=": metavalue detected, returning FALSE
at 0 ps, Instance /display_controller_tb/uut/seven_seg_encoder_1/ : Warning: NUMERIC_STD."=": metavalue detected, returning FALSE
at 0 ps, Instance /display_controller_tb/uut/seven_seg_encoder_1/ : Warning: NUMERIC_STD."=": metavalue detected, returning FALSE
at 0 ps, Instance /display_controller_tb/uut/seven_seg_encoder_1/ : Warning: NUMERIC_STD."=": metavalue detected, returning FALSE
at 0 ps, Instance /display_controller_tb/uut/seven_seg_encoder_1/ : Warning: NUMERIC_STD."=": metavalue detected, returning FALSE
at 0 ps, Instance /display_controller_tb/uut/seven_seg_encoder_1/ : Warning: NUMERIC_STD."=": metavalue detected, returning FALSE
at 0 ps, Instance /display_controller_tb/uut/seven_seg_encoder_1/ : Warning: NUMERIC_STD."=": metavalue detected, returning FALSE
at 0 ps, Instance /display_controller_tb/uut/seven_seg_encoder_1/ : Warning: NUMERIC_STD."=": metavalue detected, returning FALSE
at 0 ps, Instance /display_controller_tb/uut/seven_seg_encoder_1/ : Warning: NUMERIC_STD."=": metavalue detected, returning FALSE
at 0 ps, Instance /display_controller_tb/uut/seven_seg_encoder_1/ : Warning: NUMERIC_STD."=": metavalue detected, returning FALSE
at 0 ps, Instance /display_controller_tb/uut/seven_seg_encoder_1/ : Warning: NUMERIC_STD."=": metavalue detected, returning FALSE
at 0 ps, Instance /display_controller_tb/uut/seven_seg_encoder_1/ : Warning: NUMERIC_STD."=": metavalue detected, returning FALSE
at 0 ps, Instance /display_controller_tb/uut/seven_seg_encoder_1/ : Warning: NUMERIC_STD."=": metavalue detected, returning FALSE
at 0 ps, Instance /display_controller_tb/uut/seven_seg_encoder_1/ : Warning: NUMERIC_STD."=": metavalue detected, returning FALSE
at 0 ps, Instance /display_controller_tb/uut/seven_seg_encoder_1/ : Warning: NUMERIC_STD."=": metavalue detected, returning FALSE
Finished circuit initialization process.
# exit 0
